mardi 13 octobre 2015, 08:20:12 (UTC+0200)
* abdelfet
** Manuel de l'utilisateur et cahier des charges
[OK] Présence de deliverables/manual.pdf
[OK] Présence de deliverables/requirements.pdf
* herveli
** Manuel de l'utilisateur et cahier des charges
[OK] Présence de deliverables/manual.pdf
[OK] Présence de deliverables/requirements.pdf
* majid
** Manuel de l'utilisateur et cahier des charges
[OK] Présence de deliverables/manual.pdf
[OK] Présence de deliverables/requirements.pdf
* tortratg
** Manuel de l'utilisateur et cahier des charges
[OK] Présence de deliverables/manual.pdf
[OK] Présence de deliverables/requirements.pdf
* galmi
** Manuel de l'utilisateur et cahier des charges
[KO] Présence de deliverables/manual.pdf
[OK] Présence de deliverables/requirements.pdf
* cugny
** Manuel de l'utilisateur et cahier des charges
[OK] Présence de deliverables/manual.pdf
[OK] Présence de deliverables/requirements.pdf
